[2025-05-22 07:42:54] Starting notification check...
Due today notifications created: 1
Overdue notifications created: 0
Old notifications cleaned up: Success
Notification check completed successfully

[2025-05-22 07:53:18] Starting notification check...
Due today notifications created: 0
Overdue notifications created: 0
Old notifications cleaned up: Success
Notification check completed successfully

[2025-05-22 07:55:07] Starting notification check...
Due today notifications created: 0
Overdue notifications created: 1
Old notifications cleaned up: Success
Notification check completed successfully

[2025-05-22 08:02:23] Starting notification check...
Due today notifications created: 0
Overdue notifications created: 0
Old notifications cleaned up: Success
Notification check completed successfully

[2025-05-22 08:03:14] Starting notification check...
Due today notifications created: 1
Overdue notifications created: 1
Old notifications cleaned up: Success
Notification check completed successfully

